<?xml version="1.0" encoding="UTF-8"?>
<testsuite name="fx.DesktopTest" tests="8" skipped="0" failures="0" errors="0" timestamp="2017-01-03T12:20:13" hostname="Fabien-MBP" time="16.589">
  <properties/>
  <testcase name="resetButtonIsInvisibleWhenGameNotOver" classname="fx.DesktopTest" time="1.402"/>
  <testcase name="makeCrossWin" classname="fx.DesktopTest" time="2.619"/>
  <testcase name="displayTheNextPlayerTurn" classname="fx.DesktopTest" time="0.648"/>
  <testcase name="resetButtonIsVisibleWhenGameOver" classname="fx.DesktopTest" time="2.242"/>
  <testcase name="initializationOfTheGame" classname="fx.DesktopTest" time="0.139"/>
  <testcase name="makeRoundWin" classname="fx.DesktopTest" time="2.648"/>
  <testcase name="gameIsReset" classname="fx.DesktopTest" time="2.87"/>
  <testcase name="itsATie" classname="fx.DesktopTest" time="4.016"/>
  <system-out><![CDATA[]]></system-out>
  <system-err><![CDATA[]]></system-err>
</testsuite>
