<?xml version="1.0" encoding="UTF-8"?>
<testsuite name="tictactoe.HumanPlayerTest" tests="5" skipped="0" failures="0" errors="0" timestamp="2017-01-03T12:20:30" hostname="Fabien-MBP" time="0.002">
  <properties/>
  <testcase name="getAMessageWhenTheInputIsntAnInteger" classname="tictactoe.HumanPlayerTest" time="0.0"/>
  <testcase name="displayErrorMessageWhenSpotAlreadyUsed" classname="tictactoe.HumanPlayerTest" time="0.0"/>
  <testcase name="displayErrorMessageWhenSpotTooLow" classname="tictactoe.HumanPlayerTest" time="0.0"/>
  <testcase name="getTheMarksOfThePlayer" classname="tictactoe.HumanPlayerTest" time="0.0"/>
  <testcase name="getTheMoveOfThePlayer" classname="tictactoe.HumanPlayerTest" time="0.0"/>
  <system-out><![CDATA[]]></system-out>
  <system-err><![CDATA[]]></system-err>
</testsuite>
