<?xml version="1.0" encoding="UTF-8"?>
<testsuite name="cli.GameTest" tests="3" skipped="0" failures="0" errors="0" timestamp="2017-01-03T12:20:13" hostname="Fabien-MBP" time="0.098">
  <properties/>
  <testcase name="runTwoParty" classname="cli.GameTest" time="0.067"/>
  <testcase name="runOneParty" classname="cli.GameTest" time="0.016"/>
  <testcase name="askToReplayUntilValidAnswer" classname="cli.GameTest" time="0.013"/>
  <system-out><![CDATA[]]></system-out>
  <system-err><![CDATA[]]></system-err>
</testsuite>
