<?xml version="1.0" encoding="UTF-8"?>
<testsuite name="tictactoe.PartyTest" tests="2" skipped="0" failures="0" errors="0" timestamp="2017-01-03T12:20:30" hostname="Fabien-MBP" time="6.597">
  <properties/>
  <testcase name="computerTake24SecondsMaximumToFinishTheGame" classname="tictactoe.PartyTest" time="6.59"/>
  <testcase name="computerTake18secondsMaximumToFinishTheGame" classname="tictactoe.PartyTest" time="0.006"/>
  <system-out><![CDATA[]]></system-out>
  <system-err><![CDATA[]]></system-err>
</testsuite>
