<?xml version="1.0" encoding="UTF-8"?>
<testsuite name="tictactoe.PlayerFactoryTest" tests="6" skipped="0" failures="0" errors="0" timestamp="2017-01-03T12:20:37" hostname="Fabien-MBP" time="0.004">
  <properties/>
  <testcase name="itCreatesAComputerPlayerAndCommandLinePlayer" classname="tictactoe.PlayerFactoryTest" time="0.002"/>
  <testcase name="itCreatesARandomPlayerAndHumanPlayer" classname="tictactoe.PlayerFactoryTest" time="0.001"/>
  <testcase name="itCreatesARandomPlayerAndRandomPlayer" classname="tictactoe.PlayerFactoryTest" time="0.0"/>
  <testcase name="itCreatesAComputerPlayerAndComputerPlayer" classname="tictactoe.PlayerFactoryTest" time="0.0"/>
  <testcase name="itCreatesARandomPlayerAndComputerPlayer" classname="tictactoe.PlayerFactoryTest" time="0.0"/>
  <testcase name="itCreatesTwoCommandLinePlayers" classname="tictactoe.PlayerFactoryTest" time="0.0"/>
  <system-out><![CDATA[]]></system-out>
  <system-err><![CDATA[]]></system-err>
</testsuite>
