<?xml version="1.0" encoding="UTF-8"?>
<testsuite name="cli.BoardConverterTest" tests="3" skipped="0" failures="0" errors="0" timestamp="2017-01-03T12:20:13" hostname="Fabien-MBP" time="0.112">
  <properties/>
  <testcase name="stringiphyAFourByFourBoard" classname="cli.BoardConverterTest" time="0.111"/>
  <testcase name="stringiphyAThreeByThreeBoard" classname="cli.BoardConverterTest" time="0.0"/>
  <testcase name="boardStringWithAMark" classname="cli.BoardConverterTest" time="0.0"/>
  <system-out><![CDATA[]]></system-out>
  <system-err><![CDATA[]]></system-err>
</testsuite>
