<?xml version="1.0" encoding="UTF-8"?>
<testsuite name="cli.CommandLineTest" tests="3" skipped="0" failures="0" errors="0" timestamp="2017-01-03T12:20:13" hostname="Fabien-MBP" time="0.001">
  <properties/>
  <testcase name="readTheUserInput" classname="cli.CommandLineTest" time="0.0"/>
  <testcase name="displayTheInput" classname="cli.CommandLineTest" time="0.0"/>
  <testcase name="handleIOException" classname="cli.CommandLineTest" time="0.0"/>
  <system-out><![CDATA[]]></system-out>
  <system-err><![CDATA[]]></system-err>
</testsuite>
