<?xml version="1.0" encoding="UTF-8"?>
<testsuite name="tictactoe.RandomPlayerTest" tests="1" skipped="0" failures="0" errors="0" timestamp="2017-01-03T12:20:37" hostname="Fabien-MBP" time="0.003">
  <properties/>
  <testcase name="getARandomMoveFromMoveAvailable2" classname="tictactoe.RandomPlayerTest" time="0.003"/>
  <system-out><![CDATA[]]></system-out>
  <system-err><![CDATA[]]></system-err>
</testsuite>
