<?xml version="1.0" encoding="UTF-8"?>
<testsuite name="tictactoe.ComputerPlayerTest" tests="5" skipped="0" failures="0" errors="0" timestamp="2017-01-03T12:20:30" hostname="Fabien-MBP" time="0.001">
  <properties/>
  <testcase name="winColumn" classname="tictactoe.ComputerPlayerTest" time="0.0"/>
  <testcase name="blockOpponentDiagonal" classname="tictactoe.ComputerPlayerTest" time="0.0"/>
  <testcase name="blockOpponentRow" classname="tictactoe.ComputerPlayerTest" time="0.0"/>
  <testcase name="winRow" classname="tictactoe.ComputerPlayerTest" time="0.0"/>
  <testcase name="blockOpponentColumn" classname="tictactoe.ComputerPlayerTest" time="0.0"/>
  <system-out><![CDATA[]]></system-out>
  <system-err><![CDATA[]]></system-err>
</testsuite>
