<?xml version="1.0" encoding="UTF-8"?>
<testsuite name="tictactoe.MenuTest" tests="10" skipped="0" failures="0" errors="0" timestamp="2017-01-03T12:20:30" hostname="Fabien-MBP" time="0.003">
  <properties/>
  <testcase name="returnTheUserInput" classname="tictactoe.MenuTest" time="0.0"/>
  <testcase name="askAgainWhenSizeTooSmall" classname="tictactoe.MenuTest" time="0.001"/>
  <testcase name="askUntilToGetIntegerValue" classname="tictactoe.MenuTest" time="0.0"/>
  <testcase name="returnMinValueAsDefaultValueWhenInputEmpty" classname="tictactoe.MenuTest" time="0.0"/>
  <testcase name="askAgainWhenSizeTooBig" classname="tictactoe.MenuTest" time="0.0"/>
  <testcase name="displayMessageForBoardSize" classname="tictactoe.MenuTest" time="0.0"/>
  <testcase name="displayMessageForTypeGame" classname="tictactoe.MenuTest" time="0.0"/>
  <testcase name="menuReturnHumanVsHumanGameType" classname="tictactoe.MenuTest" time="0.0"/>
  <testcase name="menuReturnComputerVsComputerGameType" classname="tictactoe.MenuTest" time="0.0"/>
  <testcase name="menuReturnHumanVsComputerGameType" classname="tictactoe.MenuTest" time="0.0"/>
  <system-out><![CDATA[]]></system-out>
  <system-err><![CDATA[]]></system-err>
</testsuite>
