<?xml version="1.0" encoding="UTF-8"?>
<testsuite name="tictactoe.CommandLinePlayerTest" tests="3" skipped="0" failures="0" errors="0" timestamp="2016-12-20T10:17:14" hostname="Fabien-MBP" time="0.002">
  <properties/>
  <testcase name="getAMessageWhenTheInputIsntAnInteger" classname="tictactoe.CommandLinePlayerTest" time="0.001"/>
  <testcase name="getTheMarksOfThePlayer" classname="tictactoe.CommandLinePlayerTest" time="0.001"/>
  <testcase name="getTheMoveOfThePlayer" classname="tictactoe.CommandLinePlayerTest" time="0.0"/>
  <system-out><![CDATA[]]></system-out>
  <system-err><![CDATA[]]></system-err>
</testsuite>
